<?xml version="1.0" encoding="UTF-8"?>
<!-- Generated by org.testng.reporters.JUnitXMLReporter -->
<testsuite ignored="0" hostname="USPUNKAINGAL12" failures="0" tests="1" name="Test-Chrome-1" time="21.942" errors="0" timestamp="2025-07-09T15:22:32 IST">
  <testcase classname="com.tests.scenario2.TC_01_LoginFunc_LoginUsingValidCredsTest" name="verifyLoginUsingValidCreds" time="9.625"/>
</testsuite> <!-- Test-Chrome-1 -->
