<?xml version="1.0" encoding="UTF-8"?>
<!-- Generated by org.testng.reporters.JUnitXMLReporter -->
<testsuite ignored="0" hostname="USPUNKAINGAL12" failures="0" tests="1" name="Test-Edge-3" time="19.338" errors="0" timestamp="2025-07-09T15:22:51 IST">
  <testcase classname="com.tests.scenario1.TC_001_RegistrationFunc_ValidCredRegistrationOnlyMandatoryFieldsTest" name="verifyAccRegWithMandatoryFieldsOnly" time="9.119"/>
</testsuite> <!-- Test-Edge-3 -->
