<?xml version="1.0" encoding="UTF-8"?>
<!-- Generated by org.testng.reporters.JUnitXMLReporter -->
<testsuite ignored="0" hostname="USPUNKAINGAL12" failures="0" tests="1" name="Test-Edge-2" time="37.72" errors="0" timestamp="2025-07-09T15:23:05 IST">
  <testcase classname="com.tests.scenario10.TC_01_AdvFilteringFunc_ValidAdvancedProductFilteringFunctionalityTest" name="verifyAdvancedFiltering" time="23.245"/>
</testsuite> <!-- Test-Edge-2 -->
