<?xml version="1.0" encoding="UTF-8"?>
<!-- Generated by org.testng.reporters.JUnitReportReporter -->
<testsuite hostname="USPUNKAINGAL12" failures="0" tests="1" name="com.tests.scenario10.TC_01_AdvFilteringFunc_ValidAdvancedProductFilteringFunctionalityTest" time="22.532" errors="0" timestamp="2025-07-04T16:09:38 IST" skipped="0">
  <testcase classname="com.tests.scenario10.TC_01_AdvFilteringFunc_ValidAdvancedProductFilteringFunctionalityTest" name="verifyAdvancedFiltering" time="22.532"/>
</testsuite> <!-- com.tests.scenario10.TC_01_AdvFilteringFunc_ValidAdvancedProductFilteringFunctionalityTest -->
