<?xml version="1.0" encoding="UTF-8"?>
<!-- Generated by org.testng.reporters.JUnitReportReporter -->
<testsuite hostname="USPUNKAINGAL12" failures="0" tests="1" name="com.tests.scenario4.TC_01_CartFunc_ValidateAddToCartFunctionalityTest" time="33.458" errors="0" timestamp="2025-07-09T16:23:18 IST" skipped="0">
  <testcase classname="com.tests.scenario4.TC_01_CartFunc_ValidateAddToCartFunctionalityTest" name="verifyAddToCartFunctionalityTest" time="33.458"/>
</testsuite> <!-- com.tests.scenario4.TC_01_CartFunc_ValidateAddToCartFunctionalityTest -->
