<?xml version="1.0" encoding="UTF-8"?>
<!-- Generated by org.testng.reporters.JUnitReportReporter -->
<testsuite hostname="USPUNKAINGAL12" failures="0" tests="1" name="com.test.scenario4.TC_01_CartFunc_ValidateAddToCartFunctionalityTest" time="20.878" errors="0" timestamp="2025-06-29T16:14:17 IST" skipped="0">
  <testcase classname="com.test.scenario4.TC_01_CartFunc_ValidateAddToCartFunctionalityTest" name="verifyAddToCartFunctionalityTest" time="20.878"/>
</testsuite> <!-- com.test.scenario4.TC_01_CartFunc_ValidateAddToCartFunctionalityTest -->
