<?xml version="1.0" encoding="UTF-8"?>
<!-- Generated by org.testng.reporters.JUnitReportReporter -->
<testsuite hostname="USPUNKAINGAL12" failures="0" tests="1" name="com.tests.scenario1.TC_001_RegistrationFunc_ValidCredRegistrationOnlyMandatoryFieldsTest" time="14.787" errors="0" timestamp="2025-06-26T17:08:20 IST" skipped="0">
  <testcase classname="com.tests.scenario1.TC_001_RegistrationFunc_ValidCredRegistrationOnlyMandatoryFieldsTest" name="verifyAccRegWithMandatoryFieldsOnly" time="14.787"/>
</testsuite> <!-- com.tests.scenario1.TC_001_RegistrationFunc_ValidCredRegistrationOnlyMandatoryFieldsTest -->
