<?xml version="1.0" encoding="UTF-8"?>
<!-- Generated by org.testng.reporters.JUnitReportReporter -->
<testsuite hostname="USPUNKAINGAL12" failures="0" tests="1" name="com.tests.scenario12.TC_01_OrderHistoryFunc_ValidateOrderHistoryDetailsTest" time="14.993" errors="0" timestamp="2025-07-04T16:17:45 IST" skipped="0">
  <testcase classname="com.tests.scenario12.TC_01_OrderHistoryFunc_ValidateOrderHistoryDetailsTest" name="verifyOrdersInOrderHistory" time="14.993"/>
</testsuite> <!-- com.tests.scenario12.TC_01_OrderHistoryFunc_ValidateOrderHistoryDetailsTest -->
