<?xml version="1.0" encoding="UTF-8"?>
<!-- Generated by org.testng.reporters.JUnitReportReporter -->
<testsuite hostname="USPUNKAINGAL12" failures="0" tests="5" name="com.tests.scenario6.TC_01_DDT_ValidateLoginWithValidAndInvalidCredDataSet" time="139.394" errors="0" timestamp="2025-06-29T21:28:02 IST" skipped="0">
  <testcase classname="com.tests.scenario6.TC_01_DDT_ValidateLoginWithValidAndInvalidCredDataSet" name="verifyLoginDDT" time="29.960"/>
  <testcase classname="com.tests.scenario6.TC_01_DDT_ValidateLoginWithValidAndInvalidCredDataSet" name="verifyLoginDDT" time="29.672"/>
  <testcase classname="com.tests.scenario6.TC_01_DDT_ValidateLoginWithValidAndInvalidCredDataSet" name="verifyLoginDDT" time="19.127"/>
  <testcase classname="com.tests.scenario6.TC_01_DDT_ValidateLoginWithValidAndInvalidCredDataSet" name="verifyLoginDDT" time="30.599"/>
  <testcase classname="com.tests.scenario6.TC_01_DDT_ValidateLoginWithValidAndInvalidCredDataSet" name="verifyLoginDDT" time="30.036"/>
</testsuite> <!-- com.tests.scenario6.TC_01_DDT_ValidateLoginWithValidAndInvalidCredDataSet -->
