<?xml version="1.0" encoding="UTF-8"?>
<!-- Generated by org.testng.reporters.JUnitReportReporter -->
<testsuite hostname="USPUNKAINGAL12" failures="0" tests="1" name="com.tests.scenario2.TC_02_LoginFunc_LoginUsingInValidCredsTest" time="4.520" errors="0" timestamp="2025-07-04T14:10:13 IST" skipped="0">
  <testcase classname="com.tests.scenario2.TC_02_LoginFunc_LoginUsingInValidCredsTest" name="verifyLoginUsingInValidCreds" time="4.520"/>
</testsuite> <!-- com.tests.scenario2.TC_02_LoginFunc_LoginUsingInValidCredsTest -->
