<?xml version="1.0" encoding="UTF-8"?>
<!-- Generated by org.testng.reporters.JUnitReportReporter -->
<testsuite hostname="USPUNKAINGAL12" failures="0" tests="1" name="com.tests.scenario2.TC_01_LoginFunc_LoginUsingValidCredsTest" time="7.559" errors="0" timestamp="2025-07-04T13:55:19 IST" skipped="0">
  <testcase classname="com.tests.scenario2.TC_01_LoginFunc_LoginUsingValidCredsTest" name="verifyLoginUsingValidCreds" time="7.559"/>
</testsuite> <!-- com.tests.scenario2.TC_01_LoginFunc_LoginUsingValidCredsTest -->
