<?xml version="1.0" encoding="UTF-8"?>
<!-- Generated by org.testng.reporters.JUnitReportReporter -->
<testsuite hostname="USPUNKAINGAL12" failures="0" tests="1" name="com.tests.scenario11.TC_01_AccUpdateFunc_ValidateAccountDetailsUpdationTest" time="13.949" errors="0" timestamp="2025-07-01T11:25:52 IST" skipped="0">
  <testcase classname="com.tests.scenario11.TC_01_AccUpdateFunc_ValidateAccountDetailsUpdationTest" name="verifyAccUpdateFunctionality" time="13.949"/>
</testsuite> <!-- com.tests.scenario11.TC_01_AccUpdateFunc_ValidateAccountDetailsUpdationTest -->
