<?xml version="1.0" encoding="UTF-8"?>
<!-- Generated by org.testng.reporters.JUnitReportReporter -->
<testsuite hostname="USPUNKAINGAL12" failures="0" tests="1" name="com.tests.scenario2.TC_02_LoginFunc_LoginUsingInValidCredsTest" time="3.971" errors="0" timestamp="2025-06-28T23:06:55 IST" skipped="0">
  <testcase classname="com.tests.scenario2.TC_02_LoginFunc_LoginUsingInValidCredsTest" name="verifyLoginUsingInValidCreds" time="3.971"/>
</testsuite> <!-- com.tests.scenario2.TC_02_LoginFunc_LoginUsingInValidCredsTest -->
