<?xml version="1.0" encoding="UTF-8"?>
<!-- Generated by org.testng.reporters.JUnitReportReporter -->
<testsuite hostname="USPUNKAINGAL12" failures="0" tests="1" name="com.tests.scenario1.TC_002_RegistrationFunc_DuplicateCredRegistrationOnlyMandatoryFieldsTest" time="18.964" errors="0" timestamp="2025-06-27T16:30:32 IST" skipped="0">
  <testcase classname="com.tests.scenario1.TC_002_RegistrationFunc_DuplicateCredRegistrationOnlyMandatoryFieldsTest" name="verifyAccRegWithMandatoryFieldsOnly" time="18.964"/>
</testsuite> <!-- com.tests.scenario1.TC_002_RegistrationFunc_DuplicateCredRegistrationOnlyMandatoryFieldsTest -->
