<?xml version="1.0" encoding="UTF-8"?>
<!-- Generated by org.testng.reporters.JUnitReportReporter -->
<testsuite hostname="USPUNKAINGAL12" failures="0" tests="1" name="com.tests.scenario2.TC_02_LoginFunc_LoginUsingInValidCredsTest" time="6.869" errors="0" timestamp="2025-07-09T16:20:06 IST" skipped="0">
  <testcase classname="com.tests.scenario2.TC_02_LoginFunc_LoginUsingInValidCredsTest" name="verifyLoginUsingInValidCreds" time="6.869"/>
</testsuite> <!-- com.tests.scenario2.TC_02_LoginFunc_LoginUsingInValidCredsTest -->
