<?xml version="1.0" encoding="UTF-8"?>
<!-- Generated by org.testng.reporters.JUnitReportReporter -->
<testsuite hostname="USPUNKAINGAL12" failures="0" tests="1" name="com.tests.scenario3.TC_01_ProdSearchFunc_ProductSearchValidationTest" time="4.944" errors="0" timestamp="2025-07-04T14:47:09 IST" skipped="0">
  <testcase classname="com.tests.scenario3.TC_01_ProdSearchFunc_ProductSearchValidationTest" name="verifyProductSearchFunctionalityTest" time="4.944"/>
</testsuite> <!-- com.tests.scenario3.TC_01_ProdSearchFunc_ProductSearchValidationTest -->
