<?xml version="1.0" encoding="UTF-8"?>
<!-- Generated by org.testng.reporters.JUnitReportReporter -->
<testsuite hostname="USPUNKAINGAL12" failures="0" tests="1" name="com.tests.scenario3.TC_01_ProdSearchFunc_ProductSearchValidationTest" time="8.694" errors="0" timestamp="2025-06-29T10:26:23 IST" skipped="0">
  <testcase classname="com.tests.scenario3.TC_01_ProdSearchFunc_ProductSearchValidationTest" name="verifyProductSearchFunctionalityTest" time="8.694"/>
</testsuite> <!-- com.tests.scenario3.TC_01_ProdSearchFunc_ProductSearchValidationTest -->
