<?xml version="1.0" encoding="UTF-8"?>
<!-- Generated by org.testng.reporters.JUnitReportReporter -->
<testsuite hostname="USPUNKAINGAL12" failures="0" tests="1" name="com.tests.scenario4.TC_01_CartFunc_ValidateAddToCartFunctionalityTest" time="30.075" errors="0" timestamp="2025-07-05T12:56:03 IST" skipped="0">
  <testcase classname="com.tests.scenario4.TC_01_CartFunc_ValidateAddToCartFunctionalityTest" name="verifyAddToCartFunctionalityTest" time="30.075"/>
</testsuite> <!-- com.tests.scenario4.TC_01_CartFunc_ValidateAddToCartFunctionalityTest -->
