<?xml version="1.0" encoding="UTF-8"?>
<!-- Generated by org.testng.reporters.JUnitReportReporter -->
<testsuite hostname="USPUNKAINGAL12" failures="0" tests="1" name="com.tests.scenario1.TC_001_RegistrationFunc_ValidCredRegistrationOnlyMandatoryFieldsTest" time="9.119" errors="0" timestamp="2025-07-09T15:23:06 IST" skipped="0">
  <testcase classname="com.tests.scenario1.TC_001_RegistrationFunc_ValidCredRegistrationOnlyMandatoryFieldsTest" name="verifyAccRegWithMandatoryFieldsOnly" time="9.119"/>
</testsuite> <!-- com.tests.scenario1.TC_001_RegistrationFunc_ValidCredRegistrationOnlyMandatoryFieldsTest -->
