<?xml version="1.0" encoding="UTF-8"?>
<!-- Generated by org.testng.reporters.JUnitReportReporter -->
<testsuite hostname="USPUNKAINGAL12" failures="0" tests="1" name="com.tests.scenario5.TC_01_ChkOutFunc_ValidateCheckoutFunctionalityTest" time="83.038" errors="0" timestamp="2025-07-09T13:54:40 IST" skipped="0">
  <testcase classname="com.tests.scenario5.TC_01_ChkOutFunc_ValidateCheckoutFunctionalityTest" name="verifyCheckoutFunctionlity" time="83.038"/>
</testsuite> <!-- com.tests.scenario5.TC_01_ChkOutFunc_ValidateCheckoutFunctionalityTest -->
