<?xml version="1.0" encoding="UTF-8"?>
<!-- Generated by org.testng.reporters.JUnitReportReporter -->
<testsuite hostname="USPUNKAINGAL12" failures="0" tests="1" name="com.tests.scenario1.TC_002_RegistrationFunc_DuplicateCredRegistrationOnlyMandatoryFieldsTest" time="7.672" errors="0" timestamp="2025-07-09T15:02:55 IST" skipped="0">
  <testcase classname="com.tests.scenario1.TC_002_RegistrationFunc_DuplicateCredRegistrationOnlyMandatoryFieldsTest" name="verifyAccRegWithMandatoryFieldsOnly" time="7.672"/>
</testsuite> <!-- com.tests.scenario1.TC_002_RegistrationFunc_DuplicateCredRegistrationOnlyMandatoryFieldsTest -->
