<?xml version="1.0" encoding="UTF-8"?>
<!-- Generated by org.testng.reporters.JUnitReportReporter -->
<testsuite hostname="USPUNKAINGAL12" failures="0" tests="1" name="com.tests.scenario12.TC_01_OrderHistoryFunc_ValidateOrderHistoryDetailsTest" time="17.617" errors="0" timestamp="2025-07-09T15:02:55 IST" skipped="0">
  <testcase classname="com.tests.scenario12.TC_01_OrderHistoryFunc_ValidateOrderHistoryDetailsTest" name="verifyOrdersInOrderHistory" time="17.617"/>
</testsuite> <!-- com.tests.scenario12.TC_01_OrderHistoryFunc_ValidateOrderHistoryDetailsTest -->
