<?xml version="1.0" encoding="UTF-8"?>
<!-- Generated by org.testng.reporters.JUnitXMLReporter -->
<testsuite ignored="0" hostname="USPUNKAINGAL12" failures="0" tests="1" name="Test-Edge-3" time="73.77" errors="0" timestamp="2025-06-28T23:12:38 IST">
  <testcase classname="com.tests.scenario2.TC_01_LoginFunc_LoginUsingValidCredsTest" name="verifyLoginUsingValidCreds" time="7.499"/>
</testsuite> <!-- Test-Edge-3 -->
