<?xml version="1.0" encoding="UTF-8"?>
<!-- Generated by org.testng.reporters.JUnitXMLReporter -->
<testsuite ignored="0" hostname="USPUNKAINGAL12" failures="0" tests="1" name="Test-Chrome-3" time="43.303" errors="0" timestamp="2025-07-01T21:26:54 IST">
  <testcase classname="com.tests.scenario3.TC_01_ProdSearchFunc_ProductSearchValidationTest" name="verifyProductSearchFunctionalityTest" time="7.419"/>
</testsuite> <!-- Test-Chrome-3 -->
