<?xml version="1.0" encoding="UTF-8"?>
<!-- Generated by org.testng.reporters.JUnitXMLReporter -->
<testsuite ignored="0" hostname="USPUNKAINGAL12" failures="0" tests="1" name="Test-Edge-1" time="35.759" errors="0" timestamp="2025-07-01T21:27:30 IST">
  <testcase classname="com.tests.scenario4.TC_01_CartFunc_ValidateAddToCartFunctionalityTest" name="verifyAddToCartFunctionalityTest" time="22.435"/>
</testsuite> <!-- Test-Edge-1 -->
