<?xml version="1.0" encoding="UTF-8"?>
<!-- Generated by org.testng.reporters.JUnitXMLReporter -->
<testsuite ignored="0" hostname="USPUNKAINGAL12" failures="0" tests="1" name="Test-Edge-2" time="52.399" errors="0" timestamp="2025-07-01T21:28:22 IST">
  <testcase classname="com.tests.scenario10.TC_01_AdvFilteringFunc_ValidAdvancedProductFilteringFunctionalityTest" name="verifyAdvancedFiltering" time="38.611"/>
</testsuite> <!-- Test-Edge-2 -->
