<?xml version="1.0" encoding="UTF-8"?>
<!-- Generated by org.testng.reporters.JUnitXMLReporter -->
<testsuite ignored="0" hostname="USPUNKAINGAL12" failures="0" tests="1" name="Test-Chrome-4" time="16.456" errors="0" timestamp="2025-06-28T23:06:51 IST">
  <testcase classname="com.tests.scenario2.TC_02_LoginFunc_LoginUsingInValidCredsTest" name="verifyLoginUsingInValidCreds" time="3.971"/>
</testsuite> <!-- Test-Chrome-4 -->
